2018-03-05 10:50:45.434 [main] INFO  com.activedevsolutions.democoin.security.KeyManager - Security provider initialized.
2018-03-05 10:50:45.749 [main] INFO  com.activedevsolutions.democoin.security.KeyManager - Keypair generated.
2018-03-05 10:50:45.758 [main] INFO  com.activedevsolutions.democoin.security.KeyManager - Keypair generated.
2018-03-05 10:50:45.760 [main] INFO  com.activedevsolutions.democoin.security.KeyManager - Keypair generated.
2018-03-05 10:50:45.762 [main] INFO  com.activedevsolutions.democoin.security.KeyManager - Keypair generated.
2018-03-05 10:50:45.769 [main] INFO  com.activedevsolutions.democoin.security.KeyManager - Keypair generated.
2018-03-05 10:50:45.770 [main] INFO  com.activedevsolutions.democoin.security.KeyManager - Keypair generated.
2018-03-05 10:50:45.780 [main] INFO  com.activedevsolutions.democoin.BlockChain - Creating and Mining Genesis block... 
2018-03-05 10:50:45.782 [main] INFO  com.activedevsolutions.democoin.Block - Transaction Successfully added to Block
2018-03-05 10:50:45.783 [main] DEBUG com.activedevsolutions.democoin.security.SecurityUtil - Merkle Root: 0
2018-03-05 10:50:45.967 [main] INFO  com.activedevsolutions.democoin.Block - Block Mined!!! : 00003361d9668b8f06247c8e251d1c6d16bd672d21cec8af6eb6cc9a9657760c
2018-03-05 10:50:45.968 [main] INFO  com.activedevsolutions.democoin.security.KeyManager - Keypair generated.
2018-03-05 10:50:45.972 [main] INFO  com.activedevsolutions.democoin.Block - Transaction Successfully added to Block
2018-03-05 10:50:45.972 [main] DEBUG com.activedevsolutions.democoin.security.SecurityUtil - Merkle Root: d3764101044941e412d2cbedc810fd7da8f8f6c73e5d39a2c463ef066428f51f
2018-03-05 10:50:46.323 [main] INFO  com.activedevsolutions.democoin.Block - Block Mined!!! : 00006624d259769887cf671aa6870f05a23014960853ae1d1c2b5e0a121e6157
2018-03-05 10:50:46.323 [main] INFO  com.activedevsolutions.democoin.wallet.Wallet - #Not Enough funds to send transaction. Transaction Discarded.
2018-03-05 10:50:46.323 [main] INFO  com.activedevsolutions.democoin.Block - Transaction failed to process. Discarded.
2018-03-05 10:50:46.323 [main] DEBUG com.activedevsolutions.democoin.security.SecurityUtil - Merkle Root: 
2018-03-05 10:50:46.337 [main] INFO  com.activedevsolutions.democoin.Block - Block Mined!!! : 000086f14249bea4b87cb1ecfe244c98906067783a01c272c91bb2e38f7a7232
2018-03-05 10:50:46.340 [main] INFO  com.activedevsolutions.democoin.Block - Transaction Successfully added to Block
2018-03-05 10:50:46.340 [main] DEBUG com.activedevsolutions.democoin.security.SecurityUtil - Merkle Root: 75f27296047056118ff5a966fecede2445ea1b3b8d63b571fbe0a49f6c8d0b56
2018-03-05 10:50:46.702 [main] INFO  com.activedevsolutions.democoin.Block - Block Mined!!! : 00003b689f95ee898a23237dda4ef6652eb720b6a597f1f6749fde1a918a8023
2018-03-05 10:50:46.703 [main] INFO  com.activedevsolutions.democoin.BlockChain - Blockchain is valid
